00:00:00.000 [INFO] [sway/main.c:338] Sway version 1.8.1
00:00:00.000 [INFO] [sway/main.c:339] wlroots version 0.16.2
00:00:00.003 [INFO] [sway/main.c:120] Linux nixos 6.15.5 #1-NixOS SMP PREEMPT_DYNAMIC Sun Jul  6 09:04:26 UTC 2025 x86_64 GNU/Linux
00:00:00.003 [INFO] [sway/main.c:136] Contents of /etc/lsb-release:
00:00:00.003 [INFO] [sway/main.c:120] DISTRIB_CODENAME=warbler
00:00:00.003 [INFO] [sway/main.c:120] DISTRIB_DESCRIPTION="NixOS 25.05 (Warbler)"
00:00:00.003 [INFO] [sway/main.c:120] DISTRIB_ID=nixos
00:00:00.003 [INFO] [sway/main.c:120] DISTRIB_RELEASE="25.05"
00:00:00.003 [INFO] [sway/main.c:120] LSB_VERSION="25.05 (Warbler)"
00:00:00.003 [INFO] [sway/main.c:136] Contents of /etc/os-release:
00:00:00.003 [INFO] [sway/main.c:120] ANSI_COLOR="0;38;2;126;186;228"
00:00:00.003 [INFO] [sway/main.c:120] BUG_REPORT_URL="https://github.com/NixOS/nixpkgs/issues"
00:00:00.003 [INFO] [sway/main.c:120] BUILD_ID="25.05.20250708.88983d4"
00:00:00.003 [INFO] [sway/main.c:120] CPE_NAME="cpe:/o:nixos:nixos:25.05"
00:00:00.003 [INFO] [sway/main.c:120] DEFAULT_HOSTNAME=nixos
00:00:00.003 [INFO] [sway/main.c:120] DOCUMENTATION_URL="https://nixos.org/learn.html"
00:00:00.003 [INFO] [sway/main.c:120] HOME_URL="https://nixos.org/"
00:00:00.003 [INFO] [sway/main.c:120] ID=nixos
00:00:00.003 [INFO] [sway/main.c:120] ID_LIKE=""
00:00:00.003 [INFO] [sway/main.c:120] IMAGE_ID=""
00:00:00.003 [INFO] [sway/main.c:120] IMAGE_VERSION=""
00:00:00.003 [INFO] [sway/main.c:120] LOGO="nix-snowflake"
00:00:00.003 [INFO] [sway/main.c:120] NAME=NixOS
00:00:00.003 [INFO] [sway/main.c:120] PRETTY_NAME="NixOS 25.05 (Warbler)"
00:00:00.003 [INFO] [sway/main.c:120] SUPPORT_END="2025-12-31"
00:00:00.003 [INFO] [sway/main.c:120] SUPPORT_URL="https://nixos.org/community.html"
00:00:00.003 [INFO] [sway/main.c:120] VARIANT=""
00:00:00.003 [INFO] [sway/main.c:120] VARIANT_ID=""
00:00:00.003 [INFO] [sway/main.c:120] VENDOR_NAME=NixOS
00:00:00.003 [INFO] [sway/main.c:120] VENDOR_URL="https://nixos.org/"
00:00:00.003 [INFO] [sway/main.c:120] VERSION="25.05 (Warbler)"
00:00:00.003 [INFO] [sway/main.c:120] VERSION_CODENAME=warbler
00:00:00.003 [INFO] [sway/main.c:120] VERSION_ID="25.05"
00:00:00.003 [INFO] [sway/main.c:108] LD_LIBRARY_PATH=/run/opengl-driver/lib
00:00:00.003 [INFO] [sway/main.c:108] LD_PRELOAD=
00:00:00.003 [INFO] [sway/main.c:108] PATH=/run/opengl-driver/bin:/run/wrappers/bin:/home/chris/.nix-profile/bin:/nix/profile/bin:/home/chris/.local/state/nix/profile/bin:/etc/profiles/per-user/chris/bin:/nix/var/nix/profiles/default/bin:/run/current-system/sw/bin
00:00:00.003 [INFO] [sway/main.c:108] SWAYSOCK=
00:00:00.004 [INFO] [sway/main.c:376] Starting sway version 1.8.1
00:00:00.004 [DEBUG] [sway/server.c:67] Initializing Wayland server
00:00:00.004 [INFO] [wlr] [libseat] [libseat/backend/seatd.c:64] Could not connect to socket /run/seatd.sock: No such file or directory
00:00:00.004 [INFO] [wlr] [libseat] [libseat/libseat.c:76] Backend 'seatd' failed to open seat, skipping
00:00:00.019 [INFO] [wlr] [libseat] [libseat/libseat.c:73] Seat opened with backend 'logind'
00:00:00.019 [INFO] [wlr] [backend/session/session.c:109] Successfully loaded libseat session
00:00:00.024 [INFO] [wlr] [backend/backend.c:220] Found 1 GPUs
00:00:00.024 [INFO] [wlr] [backend/drm/backend.c:200] Initializing DRM backend for /dev/dri/card1 (i915)
00:00:00.024 [DEBUG] [wlr] [backend/drm/drm.c:88] Using atomic DRM interface
00:00:00.024 [DEBUG] [wlr] [backend/drm/drm.c:100] ADDFB2 modifiers supported
00:00:00.024 [INFO] [wlr] [backend/drm/drm.c:253] Found 4 DRM CRTCs
00:00:00.024 [INFO] [wlr] [backend/drm/drm.c:180] Found 32 DRM planes
00:00:00.071 [INFO] [wlr] [render/egl.c:201] Supported EGL client extensions: 
00:00:00.071 [ERROR] [wlr] [render/egl.c:204] EGL_EXT_platform_base not supported
00:00:00.071 [ERROR] [wlr] [render/egl.c:506] Failed to create EGL context
00:00:00.071 [ERROR] [wlr] [render/gles2/renderer.c:679] Could not initialize EGL
00:00:00.071 [DEBUG] [wlr] [render/wlr_renderer.c:271] Failed to create a GLES2 renderer. Skipping!
00:00:00.071 [ERROR] [wlr] [render/wlr_renderer.c:333] Could not initialize renderer
00:00:00.071 [ERROR] [sway/server.c:79] Failed to create renderer
